<?xml version="1.0" encoding="UTF-8" ?>
<testsuites errors="2"
            failures="5"
            tests="4">

  <testsuite name="test.fail-common-elements" id="test.fail-common-elements"
    errors="2" failures="5" hostname="" id="" package="fail-common-elements" skipped="0"
    tests="4" time="63.70" timestamp="">
  
    <testcase name="Drag &amp; Drop" classname="test.fail-common-elements" time="0.5140" assertions="3">  <failure message="Failed [ok]: (red circle is inside #target) - expected &#34;true&#34; but got: &#34;false&#34; (3ms)">    at NightwatchAPI.&lt;anonymous&gt; (C:\Users\gerha\WebstormProjects\Testing\Nightwatch-testing\test\fail-common-elements.js:38:32)</failure>

      <failure message="Failed [ok]: (blue circle is inside #target) - expected &#34;true&#34; but got: &#34;false&#34; (1ms)">    at NightwatchAPI.&lt;anonymous&gt; (C:\Users\gerha\WebstormProjects\Testing\Nightwatch-testing\test\fail-common-elements.js:38:32)</failure>

      <failure message="Failed [ok]: (green circle is inside #target) - expected &#34;true&#34; but got: &#34;false&#34; (1ms)">    at NightwatchAPI.&lt;anonymous&gt; (C:\Users\gerha\WebstormProjects\Testing\Nightwatch-testing\test\fail-common-elements.js:38:32)</failure>

    
    </testcase>
  
    <testcase name="Upload file" classname="test.fail-common-elements" time="13.47" assertions="0">
    <error type="error"><![CDATA[
    Error
    at Upload file (C:\Users\gerha\WebstormProjects\Testing\Nightwatch-testing\test\fail-common-elements.js:50:17)
    ]]></error>
    
    </testcase>
  
    <testcase name="Long wait" classname="test.fail-common-elements" time="5.871" assertions="1">  <failure message="Checking if .alert is visible in 5000ms - expected &#34;is visible&#34; but got: &#34;element could not be located&#34; (5593ms)">    at Long wait (C:\Users\gerha\WebstormProjects\Testing\Nightwatch-testing\test\fail-common-elements.js:56:21)</failure>

    
    </testcase>
  
    <testcase name="Dropdown" classname="test.fail-common-elements" time="16.53" assertions="2">

      <failure message="Testing if element &lt;#dropdown&gt; contains text &#39;Option 3&#39; in 5000ms - expected &#34;contains text &#39;Option 3&#39;&#34; but got: &#34;does not contain &#39;Option 3&#39;&#34; (5704ms)">    at Object.Dropdown (C:\Users\gerha\WebstormProjects\Testing\Nightwatch-testing\test\fail-common-elements.js:64:21)</failure>

    
    </testcase>
  

  
    <system-err>
       TimeoutError
   An error occurred while running .click() command on &lt;#search-btn&gt;: element click intercepted: Element &lt;button type=&#34;submit&#34; id=&#34;search-btn&#34; class=&#34;btn btn-primary&#34; style=&#34;margin-top: -5px;&#34;&gt;...&lt;/button&gt; is not clickable at point (495, 634). Other element would receive the click: &lt;iframe id=&#34;aswift_4&#34; name=&#34;aswift_4&#34; browsingtopics=&#34;true&#34; style=&#34;width: 728px !important; height: 90px !important; display: block; margin: 0px auto;&#34; sandbox=&#34;allow-forms allow-popups allow-popups-to-escape-sandbox allow-same-origin allow-scripts allow-top-navigation-by-user-activation&#34; width=&#34;728&#34; height=&#34;90&#34; frameborder=&#34;0&#34; marginwidth=&#34;0&#34; marginheight=&#34;0&#34; vspace=&#34;0&#34; hspace=&#34;0&#34; allowtransparency=&#34;true&#34; scrolling=&#34;no&#34; allow=&#34;attribution-reporting; run-ad-auction&#34; src=&#34;https://googleads.g.doubleclick.net/pagead/html/r20250312/r20190131/zrt_lookup_fy2021.html#RS-1-&amp;amp;adk=1812271801&amp;amp;client=ca-pub-1056034821646296&amp;amp;fa=1&amp;amp;ifi=5&amp;amp;uci=a!5&amp;amp;btvi=1&#34; data-google-container-id=&#34;a!5&#34; tabindex=&#34;0&#34; title=&#34;Advertisement&#34; aria-label=&#34;Advertisement&#34; data-google-query-id=&#34;CMPZvey6jIwDFeNhkQUdIdAG-w&#34; data-load-complete=&#34;true&#34;&gt;&lt;/iframe&gt;
  (Session info: chrome=134.0.6998.89)
    {&#34;error&#34;:{&#34;name&#34;:&#34;ElementClickInterceptedError&#34;,&#34;remoteStacktrace&#34;:&#34;&#34;},&#34;status&#34;:-1,&#34;value&#34;:null}

    Error location:
    C:\Users\gerha\WebstormProjects\Testing\Nightwatch-testing\test\e-shop.js:43
    –––––––––––––––––––––––––––––––––––––––––––––––––––––––––––––––––––––––––––
     41 | 
     42 |         browser.setValue(eShopPage.elements.searchInput, &#39;DevOps&#39;);
     43 |         browser.click(eShopPage.elements.searchButton); 
     44 |         browser.waitForElementNotPresent(`a[href=&#34;/bookstore/add-to-cart/${books.agileBook}&#34;]`);
     45 |         browser.waitForElementNotPresent(`a[href=&#34;/bookstore/add-to-cart/${books.jSbook}&#34;]`);
    –––––––––––––––––––––––––––––––––––––––––––––––––––––––––––––––––––––––––––

 TimeoutError
   An error occurred while running .click() command on &lt;#fileSubmit&gt;: element click intercepted: Element &lt;button data-testid=&#34;file-submit&#34; id=&#34;fileSubmit&#34; type=&#34;submit&#34; class=&#34;btn btn-primary&#34;&gt;...&lt;/button&gt; is not clickable at point (243, 659). Other element would receive the click: &lt;div id=&#34;aswift_3_host&#34; style=&#34;border: none !important; height: 124px !important; width: 100% !important; margin: 0px !important; padding: 0px !important; position: relative !important; visibility: visible !important; background-color: transparent !important; display: inline-block !important; inset: auto !important; clear: none !important; float: none !important; max-height: none !important; max-width: none !important; opacity: 1 !important; overflow: visible !important; vertical-align: baseline !important; z-index: auto !important;&#34;&gt;...&lt;/div&gt;
  (Session info: chrome=134.0.6998.89)
    {&#34;error&#34;:{&#34;name&#34;:&#34;ElementClickInterceptedError&#34;,&#34;remoteStacktrace&#34;:&#34;&#34;},&#34;status&#34;:-1,&#34;value&#34;:null}

    Error location:
    C:\Users\gerha\WebstormProjects\Testing\Nightwatch-testing\test\common-elements.js:50
    ––––––––––––––––––––––––––––––––––––––––––––––––––––––––––––––––––––––––––––––––––––
     48 |         browser.url(&#39;https://practice.expandtesting.com/upload&#39;)
     49 |         browser.setValue(fileUploadPage.elements.fileInput, require(&#39;path&#39;).resolve(&#39;../public/test.txt&#39;))
     50 |         browser.click(fileUploadPage.elements.fileSubmit); 
     51 |     },
     52 | 
    ––––––––––––––––––––––––––––––––––––––––––––––––––––––––––––––––––––––––––––––––––––

 NoSuchElementError
   An error occurred while running .setValue() command on &lt;input[type=file]&gt;: Timed out while waiting for element &#34;input[type=file]&#34; with &#34;css selector&#34; to be present for 5000 milliseconds.

    Try fixing by :
    1. Please inspect the html before the step
    2. Verify if an element with the mentioned selector is present in the DOM tree

    Error location:
    C:\Users\gerha\WebstormProjects\Testing\Nightwatch-testing\test\fail-common-elements.js:49
    –––––––––––––––––––––––––––––––––––––––––––––––––––––––––––––––––––––––––––––––––––––––––
     47 |     &#39;Upload file&#39;: function (browser) {
     48 |         browser.url(&#39;https://practice.expandtesting.com/upload&#39;)
     49 |         browser.setValue(fileUploadPage.elements.fileInput, require(&#39;path&#39;).resolve(&#39;../public/tst.txt&#39;)) // zly subor 
     50 |         browser.click(fileUploadPage.elements.fileSubmit);
     51 |     },
    –––––––––––––––––––––––––––––––––––––––––––––––––––––––––––––––––––––––––––––––––––––––––

 TimeoutError
   An error occurred while running .click() command on &lt;#fileSubmit&gt;: element click intercepted: Element &lt;button data-testid=&#34;file-submit&#34; id=&#34;fileSubmit&#34; type=&#34;submit&#34; class=&#34;btn btn-primary&#34;&gt;...&lt;/button&gt; is not clickable at point (243, 666). Other element would receive the click: &lt;div id=&#34;aswift_3_host&#34; style=&#34;border: none !important; height: 90px !important; width: 100% !important; margin: 0px !important; padding: 0px !important; position: relative !important; visibility: visible !important; background-color: transparent !important; display: inline-block !important; inset: auto !important; clear: none !important; float: none !important; max-height: none !important; max-width: none !important; opacity: 1 !important; overflow: visible !important; vertical-align: baseline !important; z-index: auto !important;&#34;&gt;...&lt;/div&gt;
  (Session info: chrome=134.0.6998.89)
    {&#34;error&#34;:{&#34;name&#34;:&#34;ElementClickInterceptedError&#34;,&#34;remoteStacktrace&#34;:&#34;&#34;},&#34;status&#34;:-1,&#34;value&#34;:null}

    Error location:
    C:\Users\gerha\WebstormProjects\Testing\Nightwatch-testing\test\fail-common-elements.js:50
    –––––––––––––––––––––––––––––––––––––––––––––––––––––––––––––––––––––––––––––––––––––––––
     48 |         browser.url(&#39;https://practice.expandtesting.com/upload&#39;)
     49 |         browser.setValue(fileUploadPage.elements.fileInput, require(&#39;path&#39;).resolve(&#39;../public/tst.txt&#39;)) // zly subor
     50 |         browser.click(fileUploadPage.elements.fileSubmit); 
     51 |     },
     52 | 
    –––––––––––––––––––––––––––––––––––––––––––––––––––––––––––––––––––––––––––––––––––––––––

    </system-err>
  

    

  
  </testsuite>
</testsuites>
